gyp info it worked if it ends with ok
gyp info using node-gyp@7.1.2
gyp info using node@14.17.6 | darwin | x64
gyp info find Python using Python version 3.8.2 found at "/Library/Developer/CommandLineTools/usr/bin/python3"
gyp info spawn /Library/Developer/CommandLineTools/usr/bin/python3
gyp info spawn args [
gyp info spawn args   '/Users/yuhojin/.nvm/versions/node/v14.17.6/lib/node_modules/npm/node_modules/node-gyp/gyp/gyp_main.py',
gyp info spawn args   'binding.gyp',
gyp info spawn args   '-f',
gyp info spawn args   'make',
gyp info spawn args   '-I',
gyp info spawn args   '/Users/yuhojin/BEB1stProject-05/node_modules/ursa-optional/build/config.gypi',
gyp info spawn args   '-I',
gyp info spawn args   '/Users/yuhojin/.nvm/versions/node/v14.17.6/lib/node_modules/npm/node_modules/node-gyp/addon.gypi',
gyp info spawn args   '-I',
gyp info spawn args   '/Users/yuhojin/Library/Caches/node-gyp/14.17.6/include/node/common.gypi',
gyp info spawn args   '-Dlibrary=shared_library',
gyp info spawn args   '-Dvisibility=default',
gyp info spawn args   '-Dnode_root_dir=/Users/yuhojin/Library/Caches/node-gyp/14.17.6',
gyp info spawn args   '-Dnode_gyp_dir=/Users/yuhojin/.nvm/versions/node/v14.17.6/lib/node_modules/npm/node_modules/node-gyp',
gyp info spawn args   '-Dnode_lib_file=/Users/yuhojin/Library/Caches/node-gyp/14.17.6/<(target_arch)/node.lib',
gyp info spawn args   '-Dmodule_root_dir=/Users/yuhojin/BEB1stProject-05/node_modules/ursa-optional',
gyp info spawn args   '-Dnode_engine=v8',
gyp info spawn args   '--depth=.',
gyp info spawn args   '--no-parallel',
gyp info spawn args   '--generator-output',
gyp info spawn args   'build',
gyp info spawn args   '-Goutput_dir=.'
gyp info spawn args ]
gyp info spawn make
gyp info spawn args [ 'BUILDTYPE=Release', '-C', 'build' ]
../src/ursaNative.cc:543:32: error: too few arguments to function call, single argument 'isolate' was not specified
  int length = str->Utf8Length();
               ~~~~~~~~~~~~~~~ ^
/Users/yuhojin/Library/Caches/node-gyp/14.17.6/include/node/v8.h:2977:7: note: 'Utf8Length' declared here
  int Utf8Length(Isolate* isolate) const;
      ^
../src/ursaNative.cc:553:18: error: cannot initialize a parameter of type 'v8::Isolate *' with an lvalue of type 'char *'
  str->WriteUtf8(result, length + 1);
                 ^~~~~~
/Users/yuhojin/Library/Caches/node-gyp/14.17.6/include/node/v8.h:3037:26: note: passing argument to parameter 'isolate' here
  int WriteUtf8(Isolate* isolate, char* buffer, int length = -1,
                         ^
../src/ursaNative.cc:690:68: error: too few arguments to function call, single argument 'context' was not specified
  target->Set(NanNew("RsaWrap").ToLocalChecked(), tpl->GetFunction());
                                                  ~~~~~~~~~~~~~~~~ ^
/Users/yuhojin/Library/Caches/node-gyp/14.17.6/include/node/v8.h:6482:46: note: 'GetFunction' declared here
  V8_WARN_UNUSED_RESULT MaybeLocal<Function> GetFunction(
                                             ^
../src/ursaNative.cc:691:38: error: too few arguments to function call, single argument 'context' was not specified
  constructor.Reset(tpl->GetFunction());
                    ~~~~~~~~~~~~~~~~ ^
/Users/yuhojin/Library/Caches/node-gyp/14.17.6/include/node/v8.h:6482:46: note: 'GetFunction' declared here
  V8_WARN_UNUSED_RESULT MaybeLocal<Function> GetFunction(
                                             ^
../src/ursaNative.cc:693:104: error: too few arguments to function call, single argument 'context' was not specified
  target->Set(NanNew("textToNid").ToLocalChecked(), Nan::New<FunctionTemplate>(TextToNid)->GetFunction());
                                                    ~~~~~~~~~~~~~~~~~~~~~~~~~~~~~~~~~~~~~~~~~~~~~~~~~~ ^
/Users/yuhojin/Library/Caches/node-gyp/14.17.6/include/node/v8.h:6482:46: note: 'GetFunction' declared here
  V8_WARN_UNUSED_RESULT MaybeLocal<Function> GetFunction(
                                             ^
../src/ursaNative.cc:866:42: error: too few arguments to function call, single argument 'context' was not specified
  int modulusBits = args[0]->Uint32Value();
                    ~~~~~~~~~~~~~~~~~~~~ ^
/Users/yuhojin/Library/Caches/node-gyp/14.17.6/include/node/v8.h:2866:41: note: 'Uint32Value' declared here
  V8_WARN_UNUSED_RESULT Maybe<uint32_t> Uint32Value(
                                        ^
../src/ursaNative.cc:867:39: error: too few arguments to function call, single argument 'context' was not specified
  int exponent = args[1]->Uint32Value();
                 ~~~~~~~~~~~~~~~~~~~~ ^
/Users/yuhojin/Library/Caches/node-gyp/14.17.6/include/node/v8.h:2866:41: note: 'Uint32Value' declared here
  V8_WARN_UNUSED_RESULT Maybe<uint32_t> Uint32Value(
                                        ^
../src/ursaNative.cc:1103:38: error: too few arguments to function call, single argument 'context' was not specified
  int padding = args[1]->Uint32Value();
                ~~~~~~~~~~~~~~~~~~~~ ^
/Users/yuhojin/Library/Caches/node-gyp/14.17.6/include/node/v8.h:2866:41: note: 'Uint32Value' declared here
  V8_WARN_UNUSED_RESULT Maybe<uint32_t> Uint32Value(
                                        ^
../src/ursaNative.cc:1161:38: error: too few arguments to function call, single argument 'context' was not specified
  int padding = args[1]->Uint32Value();
                ~~~~~~~~~~~~~~~~~~~~ ^
/Users/yuhojin/Library/Caches/node-gyp/14.17.6/include/node/v8.h:2866:41: note: 'Uint32Value' declared here
  V8_WARN_UNUSED_RESULT Maybe<uint32_t> Uint32Value(
                                        ^
../src/ursaNative.cc:1218:38: error: too few arguments to function call, single argument 'context' was not specified
  int padding = args[1]->Uint32Value();
                ~~~~~~~~~~~~~~~~~~~~ ^
/Users/yuhojin/Library/Caches/node-gyp/14.17.6/include/node/v8.h:2866:41: note: 'Uint32Value' declared here
  V8_WARN_UNUSED_RESULT Maybe<uint32_t> Uint32Value(
                                        ^
../src/ursaNative.cc:1272:38: error: too few arguments to function call, single argument 'context' was not specified
  int padding = args[1]->Uint32Value();
                ~~~~~~~~~~~~~~~~~~~~ ^
/Users/yuhojin/Library/Caches/node-gyp/14.17.6/include/node/v8.h:2866:41: note: 'Uint32Value' declared here
  V8_WARN_UNUSED_RESULT Maybe<uint32_t> Uint32Value(
                                        ^
../src/ursaNative.cc:1411:34: error: too few arguments to function call, single argument 'context' was not specified
  int nid = args[0]->Uint32Value();
            ~~~~~~~~~~~~~~~~~~~~ ^
/Users/yuhojin/Library/Caches/node-gyp/14.17.6/include/node/v8.h:2866:41: note: 'Uint32Value' declared here
  V8_WARN_UNUSED_RESULT Maybe<uint32_t> Uint32Value(
                                        ^
../src/ursaNative.cc:1477:34: error: too few arguments to function call, single argument 'context' was not specified
  int nid = args[0]->Uint32Value();
            ~~~~~~~~~~~~~~~~~~~~ ^
/Users/yuhojin/Library/Caches/node-gyp/14.17.6/include/node/v8.h:2866:41: note: 'Uint32Value' declared here
  V8_WARN_UNUSED_RESULT Maybe<uint32_t> Uint32Value(
                                        ^
../src/ursaNative.cc:1554:34: error: too few arguments to function call, single argument 'context' was not specified
  int nid = args[0]->Uint32Value();
            ~~~~~~~~~~~~~~~~~~~~ ^
/Users/yuhojin/Library/Caches/node-gyp/14.17.6/include/node/v8.h:2866:41: note: 'Uint32Value' declared here
  V8_WARN_UNUSED_RESULT Maybe<uint32_t> Uint32Value(
                                        ^
../src/ursaNative.cc:1584:35: error: too few arguments to function call, single argument 'context' was not specified
  int sLen = args[2]->Uint32Value();
             ~~~~~~~~~~~~~~~~~~~~ ^
/Users/yuhojin/Library/Caches/node-gyp/14.17.6/include/node/v8.h:2866:41: note: 'Uint32Value' declared here
  V8_WARN_UNUSED_RESULT Maybe<uint32_t> Uint32Value(
                                        ^
../src/ursaNative.cc:1627:34: error: too few arguments to function call, single argument 'context' was not specified
  int nid = args[0]->Uint32Value();
            ~~~~~~~~~~~~~~~~~~~~ ^
/Users/yuhojin/Library/Caches/node-gyp/14.17.6/include/node/v8.h:2866:41: note: 'Uint32Value' declared here
  V8_WARN_UNUSED_RESULT Maybe<uint32_t> Uint32Value(
                                        ^
../src/ursaNative.cc:1674:35: error: too few arguments to function call, single argument 'context' was not specified
  int sLen = args[3]->Uint32Value();
             ~~~~~~~~~~~~~~~~~~~~ ^
/Users/yuhojin/Library/Caches/node-gyp/14.17.6/include/node/v8.h:2866:41: note: 'Uint32Value' declared here
  V8_WARN_UNUSED_RESULT Maybe<uint32_t> Uint32Value(
                                        ^
17 errors generated.
make: *** [Release/obj.target/ursaNative/src/ursaNative.o] Error 1
gyp ERR! build error 
gyp ERR! stack Error: `make` failed with exit code: 2
gyp ERR! stack     at ChildProcess.onExit (/Users/yuhojin/.nvm/versions/node/v14.17.6/lib/node_modules/npm/node_modules/node-gyp/lib/build.js:194:23)
gyp ERR! stack     at ChildProcess.emit (events.js:400:28)
gyp ERR! stack     at Process.ChildProcess._handle.onexit (internal/child_process.js:277:12)
gyp ERR! System Darwin 20.6.0
gyp ERR! command "/Users/yuhojin/.nvm/versions/node/v14.17.6/bin/node" "/Users/yuhojin/.nvm/versions/node/v14.17.6/lib/node_modules/npm/node_modules/node-gyp/bin/node-gyp.js" "rebuild"
gyp ERR! cwd /Users/yuhojin/BEB1stProject-05/node_modules/ursa-optional
gyp ERR! node -v v14.17.6
gyp ERR! node-gyp -v v7.1.2
gyp ERR! not ok 
